Jan 06 07:47:43 JavaBridge ERROR: An exception occured: java.lang.NumberFormatException: null
java.lang.NumberFormatException: null
	at java.lang.Integer.parseInt(Integer.java:417)
	at java.lang.Integer.parseInt(Integer.java:499)
	at ReportDriver.addParametro(ReportDriver.java:115)
	at sun.reflect.NativeMethodAccessorImpl.invoke0(Native Method)
	at sun.reflect.NativeMethodAccessorImpl.invoke(NativeMethodAccessorImpl.java:39)
	at sun.reflect.DelegatingMethodAccessorImpl.invoke(DelegatingMethodAccessorImpl.java:25)
	at java.lang.reflect.Method.invoke(Method.java:597)
	at php.java.bridge.JavaBridge.Invoke(JavaBridge.java:1034)
	at php.java.bridge.Request.handleRequest(Request.java:417)
	at php.java.bridge.Request.handleRequests(Request.java:500)
	at php.java.bridge.JavaBridge.handleRequestsInternal(JavaBridge.java:140)
	at php.java.bridge.JavaBridgeRunner.doPut(JavaBridgeRunner.java:171)
	at php.java.bridge.http.HttpServer.service(HttpServer.java:260)
	at php.java.bridge.http.HttpServer$Runner.run(HttpServer.java:185)
	at php.java.bridge.ThreadPool$Delegate.run(ThreadPool.java:60)
Jan 06 07:47:43 JavaBridge WARNING: 552a2b@143a083 FATAL: Undeclared java.lang.RuntimeException detected. java.lang.Exception: Invoke failed: [[o:ReportDriver]]->addParametro((o:String)[o:String], (o:String)null, (o:String)[o:String], (o:String)[o:String]). Cause: java.lang.NumberFormatException: null VM: 1.6.0_20@http://java.sun.com/
Jan 06 07:48:27 JavaBridge ERROR: An exception occured: java.lang.NumberFormatException: null
java.lang.NumberFormatException: null
	at java.lang.Integer.parseInt(Integer.java:417)
	at java.lang.Integer.parseInt(Integer.java:499)
	at ReportDriver.addParametro(ReportDriver.java:115)
	at sun.reflect.GeneratedMethodAccessor23.invoke(Unknown Source)
	at sun.reflect.DelegatingMethodAccessorImpl.invoke(DelegatingMethodAccessorImpl.java:25)
	at java.lang.reflect.Method.invoke(Method.java:597)
	at php.java.bridge.JavaBridge.Invoke(JavaBridge.java:1034)
	at php.java.bridge.Request.handleRequest(Request.java:417)
	at php.java.bridge.Request.handleRequests(Request.java:500)
	at php.java.bridge.JavaBridge.handleRequestsInternal(JavaBridge.java:140)
	at php.java.bridge.JavaBridgeRunner.doPut(JavaBridgeRunner.java:171)
	at php.java.bridge.http.HttpServer.service(HttpServer.java:260)
	at php.java.bridge.http.HttpServer$Runner.run(HttpServer.java:185)
	at php.java.bridge.ThreadPool$Delegate.run(ThreadPool.java:60)
Jan 06 07:48:27 JavaBridge WARNING: 1220b36@143a083 FATAL: Undeclared java.lang.RuntimeException detected. java.lang.Exception: Invoke failed: [[o:ReportDriver]]->addParametro((o:String)[o:String], (o:String)null, (o:String)[o:String], (o:String)[o:String]). Cause: java.lang.NumberFormatException: null VM: 1.6.0_20@http://java.sun.com/
